<?xml version="1.0" encoding="UTF-8"?>
<testsuite xmlns:xsi="http://www.w3.org/2001/XMLSchema-instance" xsi:noNamespaceSchemaLocation="https://maven.apache.org/surefire/maven-surefire-plugin/xsd/surefire-test-report-3.0.xsd" version="3.0" name="TestSuite" time="15.557" tests="9" errors="0" skipped="0" failures="2">
  <properties>
    <property name="sun.desktop" value="windows"/>
    <property name="awt.toolkit" value="sun.awt.windows.WToolkit"/>
    <property name="exec.mainClass" value="mail.ZipAndSendMail"/>
    <property name="file.encoding.pkg" value="sun.io"/>
    <property name="java.specification.version" value="1.8"/>
    <property name="sun.cpu.isalist" value="amd64"/>
    <property name="sun.jnu.encoding" value="Cp1252"/>
    <property name="java.class.path" value="D:\Ashish\Workspace\May2020\ProjectStructure\target\test-classes;D:\Ashish\Workspace\May2020\ProjectStructure\target\classes;C:\Users\Abhi\.m2\repository\com\aventstack\extentreports\4.1.5\extentreports-4.1.5.jar;C:\Users\Abhi\.m2\repository\org\freemarker\freemarker\2.3.29\freemarker-2.3.29.jar;C:\Users\Abhi\.m2\repository\org\apache\httpcomponents\httpclient\4.5.2\httpclient-4.5.2.jar;C:\Users\Abhi\.m2\repository\org\apache\httpcomponents\httpcore\4.4.4\httpcore-4.4.4.jar;C:\Users\Abhi\.m2\repository\commons-logging\commons-logging\1.2\commons-logging-1.2.jar;C:\Users\Abhi\.m2\repository\commons-codec\commons-codec\1.9\commons-codec-1.9.jar;C:\Users\Abhi\.m2\repository\org\apache\httpcomponents\httpmime\4.5.2\httpmime-4.5.2.jar;C:\Users\Abhi\.m2\repository\com\google\code\gson\gson\2.8.6\gson-2.8.6.jar;C:\Users\Abhi\.m2\repository\org\mongodb\mongodb-driver\3.12.0\mongodb-driver-3.12.0.jar;C:\Users\Abhi\.m2\repository\org\mongodb\mongodb-driver-core\3.12.0\mongodb-driver-core-3.12.0.jar;C:\Users\Abhi\.m2\repository\org\mongodb\bson\3.12.0\bson-3.12.0.jar;C:\Users\Abhi\.m2\repository\org\testng\testng\7.0.0\testng-7.0.0.jar;C:\Users\Abhi\.m2\repository\com\beust\jcommander\1.72\jcommander-1.72.jar;C:\Users\Abhi\.m2\repository\com\sun\mail\javax.mail\1.6.2\javax.mail-1.6.2.jar;C:\Users\Abhi\.m2\repository\javax\activation\activation\1.1\activation-1.1.jar;"/>
    <property name="java.vm.vendor" value="Oracle Corporation"/>
    <property name="sun.arch.data.model" value="64"/>
    <property name="user.variant" value=""/>
    <property name="java.vendor.url" value="http://java.oracle.com/"/>
    <property name="user.timezone" value="Asia/Calcutta"/>
    <property name="java.vm.specification.version" value="1.8"/>
    <property name="os.name" value="Windows 10"/>
    <property name="user.country" value="IN"/>
    <property name="sun.java.launcher" value="SUN_STANDARD"/>
    <property name="sun.boot.library.path" value="C:\Program Files\Java\jdk1.8.0_241\jre\bin"/>
    <property name="sun.java.command" value="C:\Users\Abhi\AppData\Local\Temp\surefire704654589421457660\surefirebooter2847359849443798749.jar C:\Users\Abhi\AppData\Local\Temp\surefire704654589421457660 2020-06-03T09-21-43_300-jvmRun1 surefire2717996985922659805tmp surefire_0778394970347488919tmp"/>
    <property name="surefire.test.class.path" value="D:\Ashish\Workspace\May2020\ProjectStructure\target\test-classes;D:\Ashish\Workspace\May2020\ProjectStructure\target\classes;C:\Users\Abhi\.m2\repository\com\aventstack\extentreports\4.1.5\extentreports-4.1.5.jar;C:\Users\Abhi\.m2\repository\org\freemarker\freemarker\2.3.29\freemarker-2.3.29.jar;C:\Users\Abhi\.m2\repository\org\apache\httpcomponents\httpclient\4.5.2\httpclient-4.5.2.jar;C:\Users\Abhi\.m2\repository\org\apache\httpcomponents\httpcore\4.4.4\httpcore-4.4.4.jar;C:\Users\Abhi\.m2\repository\commons-logging\commons-logging\1.2\commons-logging-1.2.jar;C:\Users\Abhi\.m2\repository\commons-codec\commons-codec\1.9\commons-codec-1.9.jar;C:\Users\Abhi\.m2\repository\org\apache\httpcomponents\httpmime\4.5.2\httpmime-4.5.2.jar;C:\Users\Abhi\.m2\repository\com\google\code\gson\gson\2.8.6\gson-2.8.6.jar;C:\Users\Abhi\.m2\repository\org\mongodb\mongodb-driver\3.12.0\mongodb-driver-3.12.0.jar;C:\Users\Abhi\.m2\repository\org\mongodb\mongodb-driver-core\3.12.0\mongodb-driver-core-3.12.0.jar;C:\Users\Abhi\.m2\repository\org\mongodb\bson\3.12.0\bson-3.12.0.jar;C:\Users\Abhi\.m2\repository\org\testng\testng\7.0.0\testng-7.0.0.jar;C:\Users\Abhi\.m2\repository\com\beust\jcommander\1.72\jcommander-1.72.jar;C:\Users\Abhi\.m2\repository\com\sun\mail\javax.mail\1.6.2\javax.mail-1.6.2.jar;C:\Users\Abhi\.m2\repository\javax\activation\activation\1.1\activation-1.1.jar;"/>
    <property name="sun.cpu.endian" value="little"/>
    <property name="user.home" value="C:\Users\Abhi"/>
    <property name="user.language" value="en"/>
    <property name="java.specification.vendor" value="Oracle Corporation"/>
    <property name="java.home" value="C:\Program Files\Java\jdk1.8.0_241\jre"/>
    <property name="basedir" value="D:\Ashish\Workspace\May2020\ProjectStructure"/>
    <property name="file.separator" value="\"/>
    <property name="line.separator" value="&#10;"/>
    <property name="java.vm.specification.vendor" value="Oracle Corporation"/>
    <property name="java.specification.name" value="Java Platform API Specification"/>
    <property name="java.awt.graphicsenv" value="sun.awt.Win32GraphicsEnvironment"/>
    <property name="surefire.real.class.path" value="C:\Users\Abhi\AppData\Local\Temp\surefire704654589421457660\surefirebooter2847359849443798749.jar"/>
    <property name="sun.boot.class.path" value="C:\Program Files\Java\jdk1.8.0_241\jre\lib\resources.jar;C:\Program Files\Java\jdk1.8.0_241\jre\lib\rt.jar;C:\Program Files\Java\jdk1.8.0_241\jre\lib\sunrsasign.jar;C:\Program Files\Java\jdk1.8.0_241\jre\lib\jsse.jar;C:\Program Files\Java\jdk1.8.0_241\jre\lib\jce.jar;C:\Program Files\Java\jdk1.8.0_241\jre\lib\charsets.jar;C:\Program Files\Java\jdk1.8.0_241\jre\lib\jfr.jar;C:\Program Files\Java\jdk1.8.0_241\jre\classes"/>
    <property name="user.script" value=""/>
    <property name="sun.management.compiler" value="HotSpot 64-Bit Tiered Compilers"/>
    <property name="java.runtime.version" value="1.8.0_241-b07"/>
    <property name="user.name" value="Abhi"/>
    <property name="path.separator" value=";"/>
    <property name="os.version" value="10.0"/>
    <property name="java.endorsed.dirs" value="C:\Program Files\Java\jdk1.8.0_241\jre\lib\endorsed"/>
    <property name="java.runtime.name" value="Java(TM) SE Runtime Environment"/>
    <property name="file.encoding" value="Cp1252"/>
    <property name="java.vm.name" value="Java HotSpot(TM) 64-Bit Server VM"/>
    <property name="localRepository" value="C:\Users\Abhi\.m2\repository"/>
    <property name="java.vendor.url.bug" value="http://bugreport.sun.com/bugreport/"/>
    <property name="java.io.tmpdir" value="C:\Users\Abhi\AppData\Local\Temp\"/>
    <property name="java.version" value="1.8.0_241"/>
    <property name="user.dir" value="D:\Ashish\Workspace\May2020\ProjectStructure"/>
    <property name="os.arch" value="amd64"/>
    <property name="java.vm.specification.name" value="Java Virtual Machine Specification"/>
    <property name="java.awt.printerjob" value="sun.awt.windows.WPrinterJob"/>
    <property name="sun.os.patch.level" value=""/>
    <property name="java.library.path" value="C:\Program Files\Java\jdk1.8.0_241\jre\bin;C:\Windows\Sun\Java\bin;C:\Windows\system32;C:\Windows;C:\Program Files (x86)\Common Files\Oracle\Java\javapath;C:\Windows\system32;C:\Windows;C:\Windows\System32\Wbem;C:\Windows\System32\WindowsPowerShell\v1.0\;C:\Windows\System32\OpenSSH\;C:\Program Files\Java\jdk1.8.0_241\bin;D:\Ashish\SDK\tools;D:\Ashish\SDK\platform-tools;D:\Ashish\SDK\platforms;D:\Ashish\softwares\drivers\;D:\Ashish\softwares\apache-maven-3.6.3-bin\apache-maven-3.6.3\bin;C:\Program Files\Git\cmd;C:\Users\Abhi\AppData\Local\Microsoft\WindowsApps;;."/>
    <property name="java.vm.info" value="mixed mode"/>
    <property name="java.vendor" value="Oracle Corporation"/>
    <property name="java.vm.version" value="25.241-b07"/>
    <property name="java.ext.dirs" value="C:\Program Files\Java\jdk1.8.0_241\jre\lib\ext;C:\Windows\Sun\Java\lib\ext"/>
    <property name="sun.io.unicode.encoding" value="UnicodeLittle"/>
    <property name="java.class.version" value="52.0"/>
    <property name="maven.test.failure.ignore" value="true"/>
  </properties>
  <testcase name="testA" classname="suitea.TestA" time="0.019">
    <failure message="The following asserts failed:&#10;	Titles do not match.,&#10;	Text not matches,&#10;	a is not valid" type="java.lang.AssertionError"><![CDATA[java.lang.AssertionError: 
The following asserts failed:
	Titles do not match.,
	Text not matches,
	a is not valid
	at suitea.TestA.testA(TestA.java:27)
]]></failure>
    <system-out><![CDATA[[TestNG] [WARN] Ignoring duplicate listener : listener.CustomListener
[TestNG] [WARN] Ignoring duplicate listener : listener.CustomListener
[TestNG] [WARN] Ignoring duplicate listener : listener.CustomListener
-testA
---------------------------------@BeforeMethod
TESTA
Wed Jun 03 09-21-44 IST 2020
D:\Ashish\Workspace\May2020\ProjectStructure//reports//Wed Jun 03 09-21-44 IST 2020//screenshots
Browser is chrome
Starting A
Titles do not match.
Logging into application
Booking ticket
Text not matches
a is not valid
]]></system-out>
  </testcase>
  <testcase name="testA" classname="suitea.TestA" time="0.01">
    <failure message="The following asserts failed:&#10;	Titles do not match.,&#10;	Text not matches,&#10;	a is not valid" type="java.lang.AssertionError"><![CDATA[java.lang.AssertionError: 
The following asserts failed:
	Titles do not match.,
	Text not matches,
	a is not valid
	at suitea.TestA.testA(TestA.java:27)
]]></failure>
    <system-out><![CDATA[----Test Failed--------
Failed Test Name - testA
2
The following asserts failed:
	Titles do not match.,
	Text not matches,
	a is not valid
Result [TestResult name=testA status=FAILURE method=TestA.testA(java.lang.String, java.lang.String, java.lang.String)[pri:0, instance:suitea.TestA@53b32d7] output={null}]
Result java.lang.AssertionError: The following asserts failed:
	Titles do not match.,
	Text not matches,
	a is not valid
@AfterMethod
---------------------------------@BeforeMethod
TESTA
Browser is chrome
Starting A
Titles do not match.
Logging into application
Booking ticket
Text not matches
a is not valid
]]></system-out>
  </testcase>
  <testcase name="testAA" classname="suitea.TestAA" time="1.983"/>
  <testcase name="testAA" classname="suitea.TestAA" time="2.003"/>
  <testcase name="testB" classname="suiteb.TestB" time="1.994"/>
  <testcase name="testB" classname="suiteb.TestB" time="2.015"/>
  <testcase name="testBB" classname="suiteb.TestBB" time="1.99"/>
  <testcase name="testC" classname="suitec.TestC" time="2.002"/>
  <testcase name="testCC" classname="suitec.TestCC" time="2.002"/>
</testsuite>