<?xml version="1.0" encoding="UTF-8"?>
<!-- Generated by org.testng.reporters.JUnitReportReporter -->
<testsuite skipped="0" hostname="DESKTOP-V123S32" name="suitea.BookAppointment" tests="1" failures="0" timestamp="2020-06-14T14:48:57 IST" time="19.778" errors="0">
  <testcase name="bookAppointmentTest" time="19.778" classname="suitea.BookAppointment"/>
</testsuite> <!-- suitea.BookAppointment -->
