<?xml version="1.0" encoding="UTF-8"?>
<!-- Generated by org.testng.reporters.JUnitReportReporter -->
<testsuite skipped="0" hostname="DESKTOP-V123S32" name="suitea.SakraWorldTest" tests="1" failures="0" timestamp="2020-06-14T18:10:26 IST" time="20.793" errors="0">
  <testcase name="appointmentTest" time="20.793" classname="suitea.SakraWorldTest"/>
</testsuite> <!-- suitea.SakraWorldTest -->
