<?xml version="1.0" encoding="UTF-8"?>
<!-- Generated by org.testng.reporters.JUnitReportReporter -->
<testsuite skipped="0" hostname="DESKTOP-V123S32" name="suiteb.TestB" tests="2" failures="0" timestamp="2020-06-03T09:21:59 IST" time="4.076" errors="0">
  <testcase name="testB" time="2.045" classname="suiteb.TestB"/>
  <testcase name="testB" time="2.031" classname="suiteb.TestB"/>
</testsuite> <!-- suiteb.TestB -->
