<?xml version="1.0" encoding="UTF-8"?>
<!-- Generated by org.testng.reporters.JUnitReportReporter -->
<testsuite skipped="0" hostname="DESKTOP-V123S32" name="suitec.TestC" tests="1" failures="0" timestamp="2020-06-03T09:21:59 IST" time="2.085" errors="0">
  <testcase name="testC" time="2.085" classname="suitec.TestC"/>
</testsuite> <!-- suitec.TestC -->
