<?xml version="1.0" encoding="UTF-8"?>
<!-- Generated by org.testng.reporters.JUnitReportReporter -->
<testsuite skipped="0" hostname="DESKTOP-V123S32" name="suiteb.TestBB" tests="1" failures="0" timestamp="2020-06-03T09:21:59 IST" time="2.010" errors="0">
  <testcase name="testBB" time="2.010" classname="suiteb.TestBB"/>
</testsuite> <!-- suiteb.TestBB -->
