<?xml version="1.0" encoding="UTF-8"?>
<!-- Generated by org.testng.reporters.JUnitReportReporter -->
<testsuite skipped="0" hostname="DESKTOP-V123S32" name="suitec.TestCC" tests="1" failures="0" timestamp="2020-06-03T09:21:59 IST" time="2.032" errors="0">
  <testcase name="testCC" time="2.032" classname="suitec.TestCC"/>
</testsuite> <!-- suitec.TestCC -->
