<?xml version="1.0" encoding="UTF-8"?>
<!-- Generated by org.testng.reporters.JUnitReportReporter -->
<testsuite skipped="0" hostname="DESKTOP-V123S32" name="suitea.TestAA" tests="2" failures="0" timestamp="2020-06-03T09:21:59 IST" time="4.037" errors="0">
  <testcase name="testAA" time="2.015" classname="suitea.TestAA"/>
  <testcase name="testAA" time="2.022" classname="suitea.TestAA"/>
</testsuite> <!-- suitea.TestAA -->
